<?xml version="1.0" encoding="UTF-8"?>
<!-- Generated by org.testng.reporters.JUnitReportReporter -->
<testsuite hostname="LAPTOP-8LJ1OQ8E" failures="0" tests="1" name="throwtest.ThrowTest" time="8.049" errors="0" timestamp="2024-11-04T01:15:12 IST" skipped="0">
  <testcase classname="throwtest.ThrowTest" name="searchBoxTest1" time="8.049"/>
</testsuite> <!-- throwtest.ThrowTest -->
