<?xml version="1.0" encoding="UTF-8"?>
<!-- Generated by org.testng.reporters.JUnitReportReporter -->
<testsuite hostname="LAPTOP-8LJ1OQ8E" failures="0" tests="3" name="runner.Runner" time="75.922" errors="0" timestamp="2025-03-05T08:52:05 IST" skipped="0">
  <testcase classname="runner.Runner" name="searchBoxTest" time="9.618"/>
  <testcase classname="runner.Runner" name="searchBoxTest" time="51.320"/>
  <testcase classname="runner.Runner" name="searchBoxTest" time="14.984"/>
</testsuite> <!-- runner.Runner -->
